<?xml version="1.0" encoding="UTF-8"?>
<testsuite name="com.reto.tyba.runners.RetoSauceDemo" tests="0" skipped="0" failures="0" errors="0" timestamp="1970-01-01T00:00:00" hostname="LATAM-FX61GG3" time="0.0">
  <properties/>
  <system-out><![CDATA[Feature from file:///C:/Users/carolina.riost/Documents/hbarrera/RetoAutomatizacionTyba/src/test/resources/features/autenticacion_exitosa_saucedemo.feature

1 Scenarios (?[32m1 passed?[0m)
5 Steps (?[32m5 passed?[0m)
0m7.586s


]]></system-out>
  <system-err><![CDATA[SLF4J: Failed to load class "org.slf4j.impl.StaticLoggerBinder".
SLF4J: Defaulting to no-operation (NOP) logger implementation
SLF4J: See http://www.slf4j.org/codes.html#StaticLoggerBinder for further details.
]]></system-err>
</testsuite>
